  Bank.cpp
d:\3年次\networkproject\networkproject\bank.cpp(84): warning C4326: 'main' の戻り値の型には、'int' を使用してください。'void' は使用できません
  chat.cpp
  CriticalSection.cpp
  InetAddress.cpp
d:\3年次\networkproject\networkproject\inetaddress.cpp(16): warning C4996: 'inet_addr': Use inet_pton() or InetPton() instead or define _WINSOCK_DEPRECATED_NO_WARNINGS to disable deprecated API warnings
  c:\program files (x86)\windows kits\10\include\10.0.17763.0\um\winsock2.h(1831): note: 'inet_addr' の宣言を確認してください
d:\3年次\networkproject\networkproject\inetaddress.cpp(18): warning C4996: 'gethostbyname': Use getaddrinfo() or GetAddrInfoW() instead or define _WINSOCK_DEPRECATED_NO_WARNINGS to disable deprecated API warnings
  c:\program files (x86)\windows kits\10\include\10.0.17763.0\um\winsock2.h(2219): note: 'gethostbyname' の宣言を確認してください
d:\3年次\networkproject\networkproject\inetaddress.cpp(32): warning C4996: 'inet_ntoa': Use inet_ntop() or InetNtop() instead or define _WINSOCK_DEPRECATED_NO_WARNINGS to disable deprecated API warnings
  c:\program files (x86)\windows kits\10\include\10.0.17763.0\um\winsock2.h(1849): note: 'inet_ntoa' の宣言を確認してください
  InetSocketAddress.cpp
  ServerSocket.cpp
  Socket.cpp
  SocketImpl.cpp
d:\3年次\networkproject\networkproject\socketimpl.cpp(118): warning C4996: 'inet_ntoa': Use inet_ntop() or InetNtop() instead or define _WINSOCK_DEPRECATED_NO_WARNINGS to disable deprecated API warnings
  c:\program files (x86)\windows kits\10\include\10.0.17763.0\um\winsock2.h(1849): note: 'inet_ntoa' の宣言を確認してください
  Test.cpp
  Thread.cpp
  コードを生成中...
  chat.c
d:\3年次\networkproject\networkproject\chat.c(20): warning C4996: 'scanf': This function or variable may be unsafe. Consider using scanf_s instead. To disable deprecation, use _CRT_SECURE_NO_WARNINGS. See online help for details.
  c:\program files (x86)\windows kits\10\include\10.0.18362.0\ucrt\stdio.h(1274): note: 'scanf' の宣言を確認してください
d:\3年次\networkproject\networkproject\chat.c(96): warning C4996: 'scanf': This function or variable may be unsafe. Consider using scanf_s instead. To disable deprecation, use _CRT_SECURE_NO_WARNINGS. See online help for details.
  c:\program files (x86)\windows kits\10\include\10.0.18362.0\ucrt\stdio.h(1274): note: 'scanf' の宣言を確認してください
d:\3年次\networkproject\networkproject\chat.c(122): warning C4996: 'scanf': This function or variable may be unsafe. Consider using scanf_s instead. To disable deprecation, use _CRT_SECURE_NO_WARNINGS. See online help for details.
  c:\program files (x86)\windows kits\10\include\10.0.18362.0\ucrt\stdio.h(1274): note: 'scanf' の宣言を確認してください
d:\3年次\networkproject\networkproject\chat.c(127): warning C4996: 'scanf': This function or variable may be unsafe. Consider using scanf_s instead. To disable deprecation, use _CRT_SECURE_NO_WARNINGS. See online help for details.
  c:\program files (x86)\windows kits\10\include\10.0.18362.0\ucrt\stdio.h(1274): note: 'scanf' の宣言を確認してください
d:\3年次\networkproject\networkproject\chat.c(171): warning C4996: 'scanf': This function or variable may be unsafe. Consider using scanf_s instead. To disable deprecation, use _CRT_SECURE_NO_WARNINGS. See online help for details.
  c:\program files (x86)\windows kits\10\include\10.0.18362.0\ucrt\stdio.h(1274): note: 'scanf' の宣言を確認してください
x64\Debug\chat.obj : warning LNK4042: オブジェクトの指定が重複しています。余分なものは無視されます。
  NetWorkProject.vcxproj -> D:\3年次\NetWorkProject\x64\Debug\NetWorkProject.exe
